<?xml version="1.0" encoding="UTF-8"?>
<!-- Generated by org.testng.reporters.JUnitReportReporter -->
<testsuite skipped="0" hostname="5CD9370XNC" name="com.test.LoginTest" tests="2" failures="0" timestamp="15 Feb 2022 10:32:48 GMT" time="2.982" errors="0">
  <testcase name="verifyUserClick" time="0.644" classname="com.test.LoginTest"/>
  <testcase name="verifyHeader" time="2.338" classname="com.test.LoginTest"/>
</testsuite> <!-- com.test.LoginTest -->
