<?xml version="1.0" encoding="UTF-8"?>
<!-- Generated by org.testng.reporters.JUnitReportReporter -->
<testsuite skipped="0" hostname="5CD9370XNC" name="com.test.LoginTest" tests="1" failures="0" timestamp="2022-03-05T22:45:15 IST" time="8.016" errors="0">
  <testcase name="setUp" time="8.016" classname="com.test.LoginTest"/>
  <system-out/>
</testsuite> <!-- com.test.LoginTest -->
